<?xml version="1.0" encoding="UTF-8"?>
<!-- Generated by org.testng.reporters.JUnitXMLReporter -->
<testsuite ignored="0" hostname="DESKTOP-E5D0OB9" failures="0" tests="6" name="Surefire test" time="4.513" errors="0" timestamp="2025-03-30T17:54:44 IST">
  <testcase classname="seleniumTests.Test001" name="test001" time="0.002"/>
  <testcase classname="seleniumTests.Test002" name="validateCounters" time="0.261"/>
  <testcase classname="testJavaPrograms.Palindrome_TestNG_Test" name="test_IsPalindrome" time="0.0"/>
  <testcase classname="testJavaPrograms.Palindrome_TestNG_Test" name="test_IsPalindrome" time="0.0"/>
  <testcase classname="testJavaPrograms.Palindrome_TestNG_Test" name="test_IsPalindrome" time="0.0"/>
  <testcase classname="testJavaPrograms.Palindrome_TestNG_Test" name="test_IsPalindrome" time="0.0"/>
</testsuite> <!-- Surefire test -->
