<?xml version="1.0" encoding="UTF-8"?>
<!-- Generated by org.testng.reporters.JUnitXMLReporter -->
<testsuite ignored="0" hostname="DESKTOP-E5D0OB9" failures="0" tests="4" name="Default test" time="0.263" errors="0" timestamp="2025-03-29T00:30:13 IST">
  <testcase classname="testJavaPrograms.Palindrome_TestNG_Test" name="test_IsPalindrome" time="0.15"/>
  <testcase classname="testJavaPrograms.Palindrome_TestNG_Test" name="test_IsPalindrome" time="0.003"/>
  <testcase classname="testJavaPrograms.Palindrome_TestNG_Test" name="test_IsPalindrome" time="0.002"/>
  <testcase classname="testJavaPrograms.Palindrome_TestNG_Test" name="test_IsPalindrome" time="0.003"/>
</testsuite> <!-- Default test -->
