<?xml version="1.0" encoding="UTF-8"?>
<!-- Generated by org.testng.reporters.JUnitXMLReporter -->
<testsuite ignored="1" hostname="DESKTOP-E5D0OB9" failures="0" tests="1" name="Default test" time="0.299" errors="0" timestamp="2025-03-30T18:45:20 IST">
  <testcase classname="seleniumTests.Test002" name="readValue" time="0.239"/>
  <testcase classname="seleniumTests.Test002" name="validateCounters" time="0.0">
    <ignored/>
  </testcase> <!-- validateCounters -->
</testsuite> <!-- Default test -->
