<?xml version="1.0" encoding="UTF-8"?>
<!-- Generated by org.testng.reporters.JUnitXMLReporter -->
<testsuite ignored="0" hostname="DESKTOP-E5D0OB9" failures="0" tests="4" name="Test" time="0.079" errors="0" timestamp="2025-03-29T12:32:29 IST">
  <testcase classname="testJavaPrograms.Palindrome_TestNG_Test" name="test_IsPalindrome" time="0.009"/>
  <testcase classname="testJavaPrograms.Palindrome_TestNG_Test" name="test_IsPalindrome" time="0.001"/>
  <testcase classname="testJavaPrograms.Palindrome_TestNG_Test" name="test_IsPalindrome" time="0.001"/>
  <testcase classname="testJavaPrograms.Palindrome_TestNG_Test" name="test_IsPalindrome" time="0.0"/>
</testsuite> <!-- Test -->
