<?xml version="1.0" encoding="UTF-8"?>
<testng-results ignored="0" total="4" passed="4" failed="0" skipped="0">
  <reporter-output>
  </reporter-output>
  <suite started-at="2025-03-29T12:32:29 IST" name="Suite" finished-at="2025-03-29T12:32:29 IST" duration-ms="79">
    <groups>
    </groups>
    <test started-at="2025-03-29T12:32:29 IST" name="Test" finished-at="2025-03-29T12:32:29 IST" duration-ms="79">
      <class name="testJavaPrograms.Palindrome_TestNG_Test">
        <test-method signature="test_IsPalindrome(java.lang.String)[pri:0, instance:testJavaPrograms.Palindrome_TestNG_Test@192d43ce]" started-at="2025-03-29T12:32:29 IST" name="test_IsPalindrome" data-provider="dataprovider" finished-at="2025-03-29T12:32:29 IST" duration-ms="9" status="PASS">
          <params>
            <param index="0">
              <value>
                <![CDATA[madam]]>
              </value>
            </param>
          </params>
          <reporter-output>
          </reporter-output>
        </test-method> <!-- test_IsPalindrome -->
        <test-method signature="test_IsPalindrome(java.lang.String)[pri:0, instance:testJavaPrograms.Palindrome_TestNG_Test@192d43ce]" started-at="2025-03-29T12:32:29 IST" name="test_IsPalindrome" data-provider="dataprovider" finished-at="2025-03-29T12:32:29 IST" duration-ms="1" status="PASS">
          <params>
            <param index="0">
              <value>
                <![CDATA[MADAM]]>
              </value>
            </param>
          </params>
          <reporter-output>
          </reporter-output>
        </test-method> <!-- test_IsPalindrome -->
        <test-method signature="test_IsPalindrome(java.lang.String)[pri:0, instance:testJavaPrograms.Palindrome_TestNG_Test@192d43ce]" started-at="2025-03-29T12:32:29 IST" name="test_IsPalindrome" data-provider="dataprovider" finished-at="2025-03-29T12:32:29 IST" duration-ms="1" status="PASS">
          <params>
            <param index="0">
              <value>
                <![CDATA[MADam]]>
              </value>
            </param>
          </params>
          <reporter-output>
          </reporter-output>
        </test-method> <!-- test_IsPalindrome -->
        <test-method signature="test_IsPalindrome(java.lang.String)[pri:0, instance:testJavaPrograms.Palindrome_TestNG_Test@192d43ce]" started-at="2025-03-29T12:32:29 IST" name="test_IsPalindrome" data-provider="dataprovider" finished-at="2025-03-29T12:32:29 IST" duration-ms="0" status="PASS">
          <params>
            <param index="0">
              <value>
                <![CDATA[m@d@m]]>
              </value>
            </param>
          </params>
          <reporter-output>
          </reporter-output>
        </test-method> <!-- test_IsPalindrome -->
      </class> <!-- testJavaPrograms.Palindrome_TestNG_Test -->
    </test> <!-- Test -->
  </suite> <!-- Suite -->
</testng-results>
