<?xml version="1.0" encoding="UTF-8"?>
<testng-results ignored="0" total="1" passed="1" failed="0" skipped="0">
  <reporter-output>
  </reporter-output>
  <suite started-at="2025-03-29T14:45:58 IST" name="Suite" finished-at="2025-03-29T14:45:58 IST" duration-ms="58">
    <groups>
    </groups>
    <test started-at="2025-03-29T14:45:58 IST" name="Test" finished-at="2025-03-29T14:45:58 IST" duration-ms="58">
      <class name="seleniumTests.Test001">
        <test-method signature="test001()[pri:0, instance:seleniumTests.Test001@3427b02d]" started-at="2025-03-29T14:45:58 IST" name="test001" description="Open URL" finished-at="2025-03-29T14:45:58 IST" duration-ms="6" status="PASS">
          <reporter-output>
          </reporter-output>
        </test-method> <!-- test001 -->
      </class> <!-- seleniumTests.Test001 -->
    </test> <!-- Test -->
  </suite> <!-- Suite -->
</testng-results>
