<?xml version="1.0" encoding="UTF-8"?>
<testng-results ignored="0" total="4" passed="4" failed="0" skipped="0">
  <reporter-output>
  </reporter-output>
  <suite started-at="2025-03-29T00:30:12 IST" name="Default suite" finished-at="2025-03-29T00:30:13 IST" duration-ms="263">
    <groups>
    </groups>
    <test started-at="2025-03-29T00:30:12 IST" name="Default test" finished-at="2025-03-29T00:30:13 IST" duration-ms="263">
      <class name="testJavaPrograms.Palindrome_TestNG_Test">
        <test-method signature="test_IsPalindrome(java.lang.String)[pri:0, instance:testJavaPrograms.Palindrome_TestNG_Test@13c9d689]" started-at="2025-03-29T00:30:12 IST" name="test_IsPalindrome" data-provider="dataprovider" finished-at="2025-03-29T00:30:12 IST" duration-ms="150" status="PASS">
          <params>
            <param index="0">
              <value>
                <![CDATA[madam]]>
              </value>
            </param>
          </params>
          <reporter-output>
          </reporter-output>
        </test-method> <!-- test_IsPalindrome -->
        <test-method signature="test_IsPalindrome(java.lang.String)[pri:0, instance:testJavaPrograms.Palindrome_TestNG_Test@13c9d689]" started-at="2025-03-29T00:30:13 IST" name="test_IsPalindrome" data-provider="dataprovider" finished-at="2025-03-29T00:30:13 IST" duration-ms="3" status="PASS">
          <params>
            <param index="0">
              <value>
                <![CDATA[MADAM]]>
              </value>
            </param>
          </params>
          <reporter-output>
          </reporter-output>
        </test-method> <!-- test_IsPalindrome -->
        <test-method signature="test_IsPalindrome(java.lang.String)[pri:0, instance:testJavaPrograms.Palindrome_TestNG_Test@13c9d689]" started-at="2025-03-29T00:30:13 IST" name="test_IsPalindrome" data-provider="dataprovider" finished-at="2025-03-29T00:30:13 IST" duration-ms="2" status="PASS">
          <params>
            <param index="0">
              <value>
                <![CDATA[MADam]]>
              </value>
            </param>
          </params>
          <reporter-output>
          </reporter-output>
        </test-method> <!-- test_IsPalindrome -->
        <test-method signature="test_IsPalindrome(java.lang.String)[pri:0, instance:testJavaPrograms.Palindrome_TestNG_Test@13c9d689]" started-at="2025-03-29T00:30:13 IST" name="test_IsPalindrome" data-provider="dataprovider" finished-at="2025-03-29T00:30:13 IST" duration-ms="3" status="PASS">
          <params>
            <param index="0">
              <value>
                <![CDATA[m@d@m]]>
              </value>
            </param>
          </params>
          <reporter-output>
          </reporter-output>
        </test-method> <!-- test_IsPalindrome -->
      </class> <!-- testJavaPrograms.Palindrome_TestNG_Test -->
    </test> <!-- Default test -->
  </suite> <!-- Default suite -->
</testng-results>
