<?xml version="1.0" encoding="UTF-8"?>
<testng-results ignored="1" total="2" passed="1" failed="0" skipped="0">
  <reporter-output>
  </reporter-output>
  <suite started-at="2025-03-30T18:45:19 IST" name="Default suite" finished-at="2025-03-30T18:45:20 IST" duration-ms="299">
    <groups>
    </groups>
    <test started-at="2025-03-30T18:45:19 IST" name="Default test" finished-at="2025-03-30T18:45:20 IST" duration-ms="299">
      <class name="seleniumTests.Test002">
        <test-method signature="readValue()[pri:0, instance:seleniumTests.Test002@3e694b3f]" started-at="2025-03-30T18:45:19 IST" name="readValue" description="read node" finished-at="2025-03-30T18:45:20 IST" duration-ms="239" status="PASS">
          <reporter-output>
          </reporter-output>
        </test-method> <!-- readValue -->
      </class> <!-- seleniumTests.Test002 -->
    </test> <!-- Default test -->
  </suite> <!-- Default suite -->
</testng-results>
